Mon Oct 02 2017 18:56:24 GMT+0300 (IDT): GET /
Mon Oct 02 2017 18:56:36 GMT+0300 (IDT): GET /about
Mon Oct 02 2017 18:56:38 GMT+0300 (IDT): GET /portfolio
Mon Oct 02 2017 18:56:40 GMT+0300 (IDT): GET /
Mon Oct 02 2017 18:56:41 GMT+0300 (IDT): GET /
Mon Oct 02 2017 19:01:16 GMT+0300 (IDT): GET /
Wed Oct 04 2017 10:38:38 GMT+0300 (IDT): GET /
Wed Oct 04 2017 10:38:38 GMT+0300 (IDT): GET /favicon.ico
Wed Oct 04 2017 10:40:47 GMT+0300 (IDT): GET /login
Wed Oct 04 2017 10:41:34 GMT+0300 (IDT): GET /login
Wed Oct 04 2017 10:41:37 GMT+0300 (IDT): GET /
Wed Oct 04 2017 10:41:41 GMT+0300 (IDT): GET /
Wed Oct 04 2017 10:41:42 GMT+0300 (IDT): GET /
Wed Oct 04 2017 10:42:04 GMT+0300 (IDT): GET /
Wed Oct 04 2017 10:42:05 GMT+0300 (IDT): GET /
Wed Oct 04 2017 10:42:06 GMT+0300 (IDT): GET /
Wed Oct 04 2017 10:42:07 GMT+0300 (IDT): GET /
Wed Oct 04 2017 10:42:20 GMT+0300 (IDT): GET /
Wed Oct 04 2017 10:42:26 GMT+0300 (IDT): GET /
Wed Oct 04 2017 10:42:28 GMT+0300 (IDT): GET /login
Wed Oct 04 2017 10:42:31 GMT+0300 (IDT): GET /profile
Wed Oct 04 2017 10:43:05 GMT+0300 (IDT): GET /profile
Wed Oct 04 2017 10:43:07 GMT+0300 (IDT): GET /profile
Wed Oct 04 2017 10:43:08 GMT+0300 (IDT): GET /login
Wed Oct 04 2017 10:43:09 GMT+0300 (IDT): GET /
Wed Oct 04 2017 10:43:10 GMT+0300 (IDT): GET /login
Wed Oct 04 2017 10:43:29 GMT+0300 (IDT): GET /login
Wed Oct 04 2017 10:43:36 GMT+0300 (IDT): GET /
Wed Oct 04 2017 10:43:37 GMT+0300 (IDT): GET /login
Wed Oct 04 2017 10:43:38 GMT+0300 (IDT): GET /profile
Wed Oct 04 2017 10:43:39 GMT+0300 (IDT): GET /
